Build started 8/28/2016 3:49:12 PM.
     1>Project "D:\SeevanCai\MyProject\C_prj\342  PowerofFour\Power4\Power4\Power4.vcxproj" on node 2 (build target(s)).
     1>InitializeBuildStatus:
         Creating "Debug\Power4.unsuccessfulbuild" because "AlwaysCreate" was specified.
       ClCompile:
         C:\Program Files (x86)\Microsoft Visual Studio 10.0\VC\bin\CL.exe /c /ZI /nologo /W3 /WX- /Od /Oy- /D WIN32 /D _DEBUG /D _CONSOLE /D _UNICODE /D UNICODE /Gm /EHsc /RTC1 /MDd /GS /fp:precise /Zc:wchar_t /Zc:forScope /Fo"Debug\\" /Fd"Debug\vc100.pdb" /Gd /TP /analyze- /errorReport:prompt Power4.cpp
         Power4.cpp
       ManifestResourceCompile:
         All outputs are up-to-date.
       Link:
         C:\Program Files (x86)\Microsoft Visual Studio 10.0\VC\bin\link.exe /ERRORREPORT:PROMPT /OUT:"D:\SeevanCai\MyProject\C_prj\342  PowerofFour\Power4\Debug\Power4.exe" /INCREMENTAL /NOLOGO kernel32.lib user32.lib gdi32.lib winspool.lib comdlg32.lib advapi32.lib shell32.lib ole32.lib oleaut32.lib uuid.lib odbc32.lib odbccp32.lib /MANIFEST /ManifestFile:"Debug\Power4.exe.intermediate.manifest" /MANIFESTUAC:"level='asInvoker' uiAccess='false'" /DEBUG /PDB:"D:\SeevanCai\MyProject\C_prj\342  PowerofFour\Power4\Debug\Power4.pdb" /SUBSYSTEM:CONSOLE /TLBID:1 /DYNAMICBASE /NXCOMPAT /IMPLIB:"D:\SeevanCai\MyProject\C_prj\342  PowerofFour\Power4\Debug\Power4.lib" /MACHINE:X86 Debug\Power4.exe.embed.manifest.res
         Debug\Power4.obj
       Manifest:
         C:\Program Files (x86)\Microsoft SDKs\Windows\v7.0A\bin\mt.exe /nologo /verbose /out:"Debug\Power4.exe.embed.manifest" /manifest Debug\Power4.exe.intermediate.manifest
         All outputs are up-to-date.
       LinkEmbedManifest:
         All outputs are up-to-date.
         Power4.vcxproj -> D:\SeevanCai\MyProject\C_prj\342  PowerofFour\Power4\Debug\Power4.exe
       FinalizeBuildStatus:
         Deleting file "Debug\Power4.unsuccessfulbuild".
         Touching "Debug\Power4.lastbuildstate".
     1>Done Building Project "D:\SeevanCai\MyProject\C_prj\342  PowerofFour\Power4\Power4\Power4.vcxproj" (build target(s)).

Build succeeded.

Time Elapsed 00:00:00.63
