生成启动时间为 2016/11/13 22:56:36。
     1>项目“F:\LeetCode\107  BinaryTreeLevelOrderTraversalII\BinaryTreeTraversal\BinaryTreeTraversal.vcxproj”在节点 2 上(build 个目标)。
     1>InitializeBuildStatus:
         正在创建“Debug\BinaryTreeTraversal.unsuccessfulbuild”，因为已指定“AlwaysCreate”。
       ClCompile:
         C:\Program Files (x86)\Microsoft Visual Studio 10.0\VC\bin\CL.exe /c /ZI /nologo /W3 /WX- /Od /Oy- /D WIN32 /D _DEBUG /D _CONSOLE /D _UNICODE /D UNICODE /Gm /EHsc /RTC1 /MDd /GS /fp:precise /Zc:wchar_t /Zc:forScope /Fo"Debug\\" /Fd"Debug\vc100.pdb" /Gd /TP /analyze- /errorReport:prompt BinaryTreeTraversal.cpp
         BinaryTreeTraversal.cpp
       ManifestResourceCompile:
         C:\Program Files (x86)\Microsoft SDKs\Windows\v7.0A\bin\rc.exe /nologo /fo"Debug\BinaryTreeTraversal.exe.embed.manifest.res" Debug\BinaryTreeTraversal_manifest.rc 
       Link:
         C:\Program Files (x86)\Microsoft Visual Studio 10.0\VC\bin\link.exe /ERRORREPORT:PROMPT /OUT:"F:\LeetCode\107  BinaryTreeLevelOrderTraversalII\BinaryTreeTraversal\Debug\BinaryTreeTraversal.exe" /INCREMENTAL /NOLOGO kernel32.lib user32.lib gdi32.lib winspool.lib comdlg32.lib advapi32.lib shell32.lib ole32.lib oleaut32.lib uuid.lib odbc32.lib odbccp32.lib /MANIFEST /ManifestFile:"Debug\BinaryTreeTraversal.exe.intermediate.manifest" /MANIFESTUAC:"level='asInvoker' uiAccess='false'" /DEBUG /PDB:"F:\LeetCode\107  BinaryTreeLevelOrderTraversalII\BinaryTreeTraversal\Debug\BinaryTreeTraversal.pdb" /SUBSYSTEM:CONSOLE /TLBID:1 /DYNAMICBASE /NXCOMPAT /IMPLIB:"F:\LeetCode\107  BinaryTreeLevelOrderTraversalII\BinaryTreeTraversal\Debug\BinaryTreeTraversal.lib" /MACHINE:X86 Debug\BinaryTreeTraversal.exe.embed.manifest.res
         Debug\BinaryTreeTraversal.obj
            正在创建库 F:\LeetCode\107  BinaryTreeLevelOrderTraversalII\BinaryTreeTraversal\Debug\BinaryTreeTraversal.lib 和对象 F:\LeetCode\107  BinaryTreeLevelOrderTraversalII\BinaryTreeTraversal\Debug\BinaryTreeTraversal.exp
       Manifest:
         C:\Program Files (x86)\Microsoft SDKs\Windows\v7.0A\bin\mt.exe /nologo /verbose /out:"Debug\BinaryTreeTraversal.exe.embed.manifest" /manifest Debug\BinaryTreeTraversal.exe.intermediate.manifest
         C:\Program Files (x86)\Microsoft SDKs\Windows\v7.0A\bin\rc.exe /nologo /fo"Debug\BinaryTreeTraversal.exe.embed.manifest.res" Debug\BinaryTreeTraversal_manifest.rc 
       LinkEmbedManifest:
         C:\Program Files (x86)\Microsoft Visual Studio 10.0\VC\bin\link.exe /ERRORREPORT:PROMPT /OUT:"F:\LeetCode\107  BinaryTreeLevelOrderTraversalII\BinaryTreeTraversal\Debug\BinaryTreeTraversal.exe" /INCREMENTAL /NOLOGO kernel32.lib user32.lib gdi32.lib winspool.lib comdlg32.lib advapi32.lib shell32.lib ole32.lib oleaut32.lib uuid.lib odbc32.lib odbccp32.lib /MANIFEST /ManifestFile:"Debug\BinaryTreeTraversal.exe.intermediate.manifest" /MANIFESTUAC:"level='asInvoker' uiAccess='false'" /DEBUG /PDB:"F:\LeetCode\107  BinaryTreeLevelOrderTraversalII\BinaryTreeTraversal\Debug\BinaryTreeTraversal.pdb" /SUBSYSTEM:CONSOLE /TLBID:1 /DYNAMICBASE /NXCOMPAT /IMPLIB:"F:\LeetCode\107  BinaryTreeLevelOrderTraversalII\BinaryTreeTraversal\Debug\BinaryTreeTraversal.lib" /MACHINE:X86 Debug\BinaryTreeTraversal.exe.embed.manifest.res
         Debug\BinaryTreeTraversal.obj
            正在创建库 F:\LeetCode\107  BinaryTreeLevelOrderTraversalII\BinaryTreeTraversal\Debug\BinaryTreeTraversal.lib 和对象 F:\LeetCode\107  BinaryTreeLevelOrderTraversalII\BinaryTreeTraversal\Debug\BinaryTreeTraversal.exp
         BinaryTreeTraversal.vcxproj -> F:\LeetCode\107  BinaryTreeLevelOrderTraversalII\BinaryTreeTraversal\Debug\BinaryTreeTraversal.exe
       FinalizeBuildStatus:
         正在删除文件“Debug\BinaryTreeTraversal.unsuccessfulbuild”。
         正在对“Debug\BinaryTreeTraversal.lastbuildstate”执行 Touch 任务。
     1>已完成生成项目“F:\LeetCode\107  BinaryTreeLevelOrderTraversalII\BinaryTreeTraversal\BinaryTreeTraversal.vcxproj”(build 个目标)的操作。

生成成功。

已用时间 00:00:01.66
