生成启动时间为 2016/9/12 23:45:56。
     1>项目“F:\LeetCode\009  PalindromeNumber\PalindromeNumber\PalindromeNumber\PalindromeNumber.vcxproj”在节点 2 上(build 个目标)。
     1>InitializeBuildStatus:
         正在创建“Debug\PalindromeNumber.unsuccessfulbuild”，因为已指定“AlwaysCreate”。
       ClCompile:
         C:\Program Files (x86)\Microsoft Visual Studio 10.0\VC\bin\CL.exe /c /ZI /nologo /W3 /WX- /Od /Oy- /D WIN32 /D _DEBUG /D _CONSOLE /D _UNICODE /D UNICODE /Gm /EHsc /RTC1 /MDd /GS /fp:precise /Zc:wchar_t /Zc:forScope /Fo"Debug\\" /Fd"Debug\vc100.pdb" /Gd /TP /analyze- /errorReport:prompt PalindromeNumber.cpp
         PalindromeNumber.cpp
     1>f:\leetcode\009  palindromenumber\palindromenumber\palindromenumber\palindromenumber.cpp(43): warning C4146: 一元负运算符应用于无符号类型，结果仍为无符号类型
       ManifestResourceCompile:
         所有输出均为最新。
       Link:
         C:\Program Files (x86)\Microsoft Visual Studio 10.0\VC\bin\link.exe /ERRORREPORT:PROMPT /OUT:"F:\LeetCode\009  PalindromeNumber\PalindromeNumber\Debug\PalindromeNumber.exe" /INCREMENTAL /NOLOGO kernel32.lib user32.lib gdi32.lib winspool.lib comdlg32.lib advapi32.lib shell32.lib ole32.lib oleaut32.lib uuid.lib odbc32.lib odbccp32.lib /MANIFEST /ManifestFile:"Debug\PalindromeNumber.exe.intermediate.manifest" /MANIFESTUAC:"level='asInvoker' uiAccess='false'" /DEBUG /PDB:"F:\LeetCode\009  PalindromeNumber\PalindromeNumber\Debug\PalindromeNumber.pdb" /SUBSYSTEM:CONSOLE /TLBID:1 /DYNAMICBASE /NXCOMPAT /IMPLIB:"F:\LeetCode\009  PalindromeNumber\PalindromeNumber\Debug\PalindromeNumber.lib" /MACHINE:X86 Debug\PalindromeNumber.exe.embed.manifest.res
         Debug\PalindromeNumber.obj
       Manifest:
         C:\Program Files (x86)\Microsoft SDKs\Windows\v7.0A\bin\mt.exe /nologo /verbose /out:"Debug\PalindromeNumber.exe.embed.manifest" /manifest Debug\PalindromeNumber.exe.intermediate.manifest
         所有输出均为最新。
       LinkEmbedManifest:
         所有输出均为最新。
         PalindromeNumber.vcxproj -> F:\LeetCode\009  PalindromeNumber\PalindromeNumber\Debug\PalindromeNumber.exe
       FinalizeBuildStatus:
         正在删除文件“Debug\PalindromeNumber.unsuccessfulbuild”。
         正在对“Debug\PalindromeNumber.lastbuildstate”执行 Touch 任务。
     1>已完成生成项目“F:\LeetCode\009  PalindromeNumber\PalindromeNumber\PalindromeNumber\PalindromeNumber.vcxproj”(build 个目标)的操作。

生成成功。

已用时间 00:00:00.49
