D:\SEEVANCAI\MYPROJECT\C_PRJ\GUSSNUMBER\GUSSNUMBER\DEBUG\GUSSNUMBER.EXE
D:\SEEVANCAI\MYPROJECT\C_PRJ\GUSSNUMBER\GUSSNUMBER\DEBUG\GUSSNUMBER.ILK
D:\SEEVANCAI\MYPROJECT\C_PRJ\GUSSNUMBER\GUSSNUMBER\DEBUG\GUSSNUMBER.PDB
D:\SeevanCai\MyProject\C_prj\GussNumber\GussNumber\GussNumber\Debug\cl.command.1.tlog
D:\SeevanCai\MyProject\C_prj\GussNumber\GussNumber\GussNumber\Debug\CL.read.1.tlog
D:\SeevanCai\MyProject\C_prj\GussNumber\GussNumber\GussNumber\Debug\CL.write.1.tlog
D:\SEEVANCAI\MYPROJECT\C_PRJ\GUSSNUMBER\GUSSNUMBER\GUSSNUMBER\DEBUG\GUSSNUMBER.EXE.EMBED.MANIFEST
D:\SEEVANCAI\MYPROJECT\C_PRJ\GUSSNUMBER\GUSSNUMBER\GUSSNUMBER\DEBUG\GUSSNUMBER.EXE.EMBED.MANIFEST.RES
D:\SEEVANCAI\MYPROJECT\C_PRJ\GUSSNUMBER\GUSSNUMBER\GUSSNUMBER\DEBUG\GUSSNUMBER.EXE.INTERMEDIATE.MANIFEST
D:\SEEVANCAI\MYPROJECT\C_PRJ\GUSSNUMBER\GUSSNUMBER\GUSSNUMBER\DEBUG\GUSSNUMBER.OBJ
D:\SeevanCai\MyProject\C_prj\GussNumber\GussNumber\GussNumber\Debug\GussNumber.vcxprojResolveAssemblyReference.cache
D:\SeevanCai\MyProject\C_prj\GussNumber\GussNumber\GussNumber\Debug\GussNumber.write.1.tlog
D:\SeevanCai\MyProject\C_prj\GussNumber\GussNumber\GussNumber\Debug\GussNumber_manifest.rc
D:\SeevanCai\MyProject\C_prj\GussNumber\GussNumber\GussNumber\Debug\link.10624.read.1.tlog
D:\SeevanCai\MyProject\C_prj\GussNumber\GussNumber\GussNumber\Debug\link.10624.write.1.tlog
D:\SeevanCai\MyProject\C_prj\GussNumber\GussNumber\GussNumber\Debug\link.10624-cvtres.read.1.tlog
D:\SeevanCai\MyProject\C_prj\GussNumber\GussNumber\GussNumber\Debug\link.10624-cvtres.write.1.tlog
D:\SeevanCai\MyProject\C_prj\GussNumber\GussNumber\GussNumber\Debug\link.command.1.tlog
D:\SeevanCai\MyProject\C_prj\GussNumber\GussNumber\GussNumber\Debug\link.read.1.tlog
D:\SeevanCai\MyProject\C_prj\GussNumber\GussNumber\GussNumber\Debug\link.write.1.tlog
D:\SeevanCai\MyProject\C_prj\GussNumber\GussNumber\GussNumber\Debug\link-cvtres.read.1.tlog
D:\SeevanCai\MyProject\C_prj\GussNumber\GussNumber\GussNumber\Debug\link-cvtres.write.1.tlog
D:\SeevanCai\MyProject\C_prj\GussNumber\GussNumber\GussNumber\Debug\mt.command.1.tlog
D:\SeevanCai\MyProject\C_prj\GussNumber\GussNumber\GussNumber\Debug\mt.read.1.tlog
D:\SeevanCai\MyProject\C_prj\GussNumber\GussNumber\GussNumber\Debug\mt.write.1.tlog
D:\SeevanCai\MyProject\C_prj\GussNumber\GussNumber\GussNumber\Debug\rc.command.1.tlog
D:\SeevanCai\MyProject\C_prj\GussNumber\GussNumber\GussNumber\Debug\rc.read.1.tlog
D:\SeevanCai\MyProject\C_prj\GussNumber\GussNumber\GussNumber\Debug\rc.write.1.tlog
D:\SeevanCai\MyProject\C_prj\GussNumber\GussNumber\GussNumber\Debug\vc100.idb
D:\SEEVANCAI\MYPROJECT\C_PRJ\GUSSNUMBER\GUSSNUMBER\GUSSNUMBER\DEBUG\VC100.PDB
