生成启动时间为 2016/10/20 23:12:43。
     1>项目“F:\LeetCode\066  PlusOne\PlusOne\PlusOne\PlusOne.vcxproj”在节点 2 上(build 个目标)。
     1>InitializeBuildStatus:
         正在对“Debug\PlusOne.unsuccessfulbuild”执行 Touch 任务。
       ClCompile:
         C:\Program Files (x86)\Microsoft Visual Studio 10.0\VC\bin\CL.exe /c /ZI /nologo /W3 /WX- /Od /Oy- /D WIN32 /D _DEBUG /D _CONSOLE /D _UNICODE /D UNICODE /Gm /EHsc /RTC1 /MDd /GS /fp:precise /Zc:wchar_t /Zc:forScope /Fo"Debug\\" /Fd"Debug\vc100.pdb" /Gd /TP /analyze- /errorReport:prompt PlusOne.cpp
         PlusOne.cpp
       ManifestResourceCompile:
         C:\Program Files (x86)\Microsoft SDKs\Windows\v7.0A\bin\rc.exe /nologo /fo"Debug\PlusOne.exe.embed.manifest.res" Debug\PlusOne_manifest.rc 
       Link:
         C:\Program Files (x86)\Microsoft Visual Studio 10.0\VC\bin\link.exe /ERRORREPORT:PROMPT /OUT:"F:\LeetCode\066  PlusOne\PlusOne\Debug\PlusOne.exe" /INCREMENTAL /NOLOGO kernel32.lib user32.lib gdi32.lib winspool.lib comdlg32.lib advapi32.lib shell32.lib ole32.lib oleaut32.lib uuid.lib odbc32.lib odbccp32.lib /MANIFEST /ManifestFile:"Debug\PlusOne.exe.intermediate.manifest" /MANIFESTUAC:"level='asInvoker' uiAccess='false'" /DEBUG /PDB:"F:\LeetCode\066  PlusOne\PlusOne\Debug\PlusOne.pdb" /SUBSYSTEM:CONSOLE /TLBID:1 /DYNAMICBASE /NXCOMPAT /IMPLIB:"F:\LeetCode\066  PlusOne\PlusOne\Debug\PlusOne.lib" /MACHINE:X86 Debug\PlusOne.exe.embed.manifest.res
         Debug\PlusOne.obj
       Manifest:
         C:\Program Files (x86)\Microsoft SDKs\Windows\v7.0A\bin\mt.exe /nologo /verbose /out:"Debug\PlusOne.exe.embed.manifest" /manifest Debug\PlusOne.exe.intermediate.manifest
         C:\Program Files (x86)\Microsoft SDKs\Windows\v7.0A\bin\rc.exe /nologo /fo"Debug\PlusOne.exe.embed.manifest.res" Debug\PlusOne_manifest.rc 
       LinkEmbedManifest:
         C:\Program Files (x86)\Microsoft Visual Studio 10.0\VC\bin\link.exe /ERRORREPORT:PROMPT /OUT:"F:\LeetCode\066  PlusOne\PlusOne\Debug\PlusOne.exe" /INCREMENTAL /NOLOGO kernel32.lib user32.lib gdi32.lib winspool.lib comdlg32.lib advapi32.lib shell32.lib ole32.lib oleaut32.lib uuid.lib odbc32.lib odbccp32.lib /MANIFEST /ManifestFile:"Debug\PlusOne.exe.intermediate.manifest" /MANIFESTUAC:"level='asInvoker' uiAccess='false'" /DEBUG /PDB:"F:\LeetCode\066  PlusOne\PlusOne\Debug\PlusOne.pdb" /SUBSYSTEM:CONSOLE /TLBID:1 /DYNAMICBASE /NXCOMPAT /IMPLIB:"F:\LeetCode\066  PlusOne\PlusOne\Debug\PlusOne.lib" /MACHINE:X86 Debug\PlusOne.exe.embed.manifest.res
         Debug\PlusOne.obj
         PlusOne.vcxproj -> F:\LeetCode\066  PlusOne\PlusOne\Debug\PlusOne.exe
       FinalizeBuildStatus:
         正在删除文件“Debug\PlusOne.unsuccessfulbuild”。
         正在对“Debug\PlusOne.lastbuildstate”执行 Touch 任务。
     1>已完成生成项目“F:\LeetCode\066  PlusOne\PlusOne\PlusOne\PlusOne.vcxproj”(build 个目标)的操作。

生成成功。

已用时间 00:00:01.00
