D:\SEEVANCAI\MYPROJECT\C_PRJ\RANSOMNOTES\RANSOMNOTES\DEBUG\RANSOMNOTES.EXE
D:\SEEVANCAI\MYPROJECT\C_PRJ\RANSOMNOTES\RANSOMNOTES\DEBUG\RANSOMNOTES.PDB
D:\SeevanCai\MyProject\C_prj\RansomNotes\RansomNotes\RansomNotes\Debug\cl.command.1.tlog
D:\SeevanCai\MyProject\C_prj\RansomNotes\RansomNotes\RansomNotes\Debug\CL.read.1.tlog
D:\SeevanCai\MyProject\C_prj\RansomNotes\RansomNotes\RansomNotes\Debug\CL.write.1.tlog
D:\SeevanCai\MyProject\C_prj\RansomNotes\RansomNotes\RansomNotes\Debug\link.5016.read.1.tlog
D:\SeevanCai\MyProject\C_prj\RansomNotes\RansomNotes\RansomNotes\Debug\link.5016.write.1.tlog
D:\SeevanCai\MyProject\C_prj\RansomNotes\RansomNotes\RansomNotes\Debug\link.5016-cvtres.read.1.tlog
D:\SeevanCai\MyProject\C_prj\RansomNotes\RansomNotes\RansomNotes\Debug\link.5016-cvtres.write.1.tlog
D:\SeevanCai\MyProject\C_prj\RansomNotes\RansomNotes\RansomNotes\Debug\link.6496.read.1.tlog
D:\SeevanCai\MyProject\C_prj\RansomNotes\RansomNotes\RansomNotes\Debug\link.6496.write.1.tlog
D:\SeevanCai\MyProject\C_prj\RansomNotes\RansomNotes\RansomNotes\Debug\link.6496-cvtres.read.1.tlog
D:\SeevanCai\MyProject\C_prj\RansomNotes\RansomNotes\RansomNotes\Debug\link.6496-cvtres.write.1.tlog
D:\SeevanCai\MyProject\C_prj\RansomNotes\RansomNotes\RansomNotes\Debug\link.command.1.tlog
D:\SeevanCai\MyProject\C_prj\RansomNotes\RansomNotes\RansomNotes\Debug\link.read.1.tlog
D:\SeevanCai\MyProject\C_prj\RansomNotes\RansomNotes\RansomNotes\Debug\link.write.1.tlog
D:\SeevanCai\MyProject\C_prj\RansomNotes\RansomNotes\RansomNotes\Debug\link-cvtres.read.1.tlog
D:\SeevanCai\MyProject\C_prj\RansomNotes\RansomNotes\RansomNotes\Debug\link-cvtres.write.1.tlog
D:\SeevanCai\MyProject\C_prj\RansomNotes\RansomNotes\RansomNotes\Debug\mt.command.1.tlog
D:\SeevanCai\MyProject\C_prj\RansomNotes\RansomNotes\RansomNotes\Debug\mt.read.1.tlog
D:\SeevanCai\MyProject\C_prj\RansomNotes\RansomNotes\RansomNotes\Debug\mt.write.1.tlog
D:\SEEVANCAI\MYPROJECT\C_PRJ\RANSOMNOTES\RANSOMNOTES\RANSOMNOTES\DEBUG\RANSOMNOTES.EXE.EMBED.MANIFEST
D:\SEEVANCAI\MYPROJECT\C_PRJ\RANSOMNOTES\RANSOMNOTES\RANSOMNOTES\DEBUG\RANSOMNOTES.EXE.EMBED.MANIFEST.RES
D:\SEEVANCAI\MYPROJECT\C_PRJ\RANSOMNOTES\RANSOMNOTES\RANSOMNOTES\DEBUG\RANSOMNOTES.EXE.INTERMEDIATE.MANIFEST
D:\SeevanCai\MyProject\C_prj\RansomNotes\RansomNotes\RansomNotes\Debug\RansomNotes.vcxprojResolveAssemblyReference.cache
D:\SeevanCai\MyProject\C_prj\RansomNotes\RansomNotes\RansomNotes\Debug\RansomNotes.write.1.tlog
D:\SeevanCai\MyProject\C_prj\RansomNotes\RansomNotes\RansomNotes\Debug\RansomNotes_manifest.rc
D:\SEEVANCAI\MYPROJECT\C_PRJ\RANSOMNOTES\RANSOMNOTES\RANSOMNOTES\DEBUG\RANSONNOTES.OBJ
D:\SeevanCai\MyProject\C_prj\RansomNotes\RansomNotes\RansomNotes\Debug\rc.command.1.tlog
D:\SeevanCai\MyProject\C_prj\RansomNotes\RansomNotes\RansomNotes\Debug\rc.read.1.tlog
D:\SeevanCai\MyProject\C_prj\RansomNotes\RansomNotes\RansomNotes\Debug\rc.write.1.tlog
D:\SeevanCai\MyProject\C_prj\RansomNotes\RansomNotes\RansomNotes\Debug\vc100.idb
D:\SEEVANCAI\MYPROJECT\C_PRJ\RANSOMNOTES\RANSOMNOTES\RANSOMNOTES\DEBUG\VC100.PDB
