Build started 8/13/2016 11:29:38 AM.
     1>Project "D:\SeevanCai\MyProject\C_prj\RansomNotes\RansomNotes\RansomNotes\RansomNotes.vcxproj" on node 2 (rebuild target(s)).
     1>_PrepareForClean:
         Deleting file "Debug\RansomNotes.lastbuildstate".
       InitializeBuildStatus:
         Creating "Debug\RansomNotes.unsuccessfulbuild" because "AlwaysCreate" was specified.
       ClCompile:
         C:\Program Files (x86)\Microsoft Visual Studio 10.0\VC\bin\CL.exe /c /ZI /nologo /W3 /WX- /Od /Oy- /D WIN32 /D _DEBUG /D _CONSOLE /D _UNICODE /D UNICODE /Gm /EHsc /RTC1 /MDd /GS /fp:precise /Zc:wchar_t /Zc:forScope /Fo"Debug\\" /Fd"Debug\vc100.pdb" /Gd /TP /analyze- /errorReport:prompt RansonNotes.cpp
         RansonNotes.cpp
       ManifestResourceCompile:
         C:\Program Files (x86)\Microsoft SDKs\Windows\v7.0A\bin\rc.exe /nologo /fo"Debug\RansomNotes.exe.embed.manifest.res" Debug\RansomNotes_manifest.rc 
       Link:
         C:\Program Files (x86)\Microsoft Visual Studio 10.0\VC\bin\link.exe /ERRORREPORT:PROMPT /OUT:"D:\SeevanCai\MyProject\C_prj\RansomNotes\RansomNotes\Debug\RansomNotes.exe" /INCREMENTAL /NOLOGO kernel32.lib user32.lib gdi32.lib winspool.lib comdlg32.lib advapi32.lib shell32.lib ole32.lib oleaut32.lib uuid.lib odbc32.lib odbccp32.lib /MANIFEST /ManifestFile:"Debug\RansomNotes.exe.intermediate.manifest" /MANIFESTUAC:"level='asInvoker' uiAccess='false'" /DEBUG /PDB:"D:\SeevanCai\MyProject\C_prj\RansomNotes\RansomNotes\Debug\RansomNotes.pdb" /SUBSYSTEM:CONSOLE /TLBID:1 /DYNAMICBASE /NXCOMPAT /IMPLIB:"D:\SeevanCai\MyProject\C_prj\RansomNotes\RansomNotes\Debug\RansomNotes.lib" /MACHINE:X86 Debug\RansomNotes.exe.embed.manifest.res
         Debug\RansonNotes.obj
       Manifest:
         Deleting file "Debug\RansomNotes.exe.embed.manifest".
         C:\Program Files (x86)\Microsoft SDKs\Windows\v7.0A\bin\mt.exe /nologo /verbose /out:"Debug\RansomNotes.exe.embed.manifest" /manifest Debug\RansomNotes.exe.intermediate.manifest
         C:\Program Files (x86)\Microsoft SDKs\Windows\v7.0A\bin\rc.exe /nologo /fo"Debug\RansomNotes.exe.embed.manifest.res" Debug\RansomNotes_manifest.rc 
       LinkEmbedManifest:
         C:\Program Files (x86)\Microsoft Visual Studio 10.0\VC\bin\link.exe /ERRORREPORT:PROMPT /OUT:"D:\SeevanCai\MyProject\C_prj\RansomNotes\RansomNotes\Debug\RansomNotes.exe" /INCREMENTAL /NOLOGO kernel32.lib user32.lib gdi32.lib winspool.lib comdlg32.lib advapi32.lib shell32.lib ole32.lib oleaut32.lib uuid.lib odbc32.lib odbccp32.lib /MANIFEST /ManifestFile:"Debug\RansomNotes.exe.intermediate.manifest" /MANIFESTUAC:"level='asInvoker' uiAccess='false'" /DEBUG /PDB:"D:\SeevanCai\MyProject\C_prj\RansomNotes\RansomNotes\Debug\RansomNotes.pdb" /SUBSYSTEM:CONSOLE /TLBID:1 /DYNAMICBASE /NXCOMPAT /IMPLIB:"D:\SeevanCai\MyProject\C_prj\RansomNotes\RansomNotes\Debug\RansomNotes.lib" /MACHINE:X86 Debug\RansomNotes.exe.embed.manifest.res
         Debug\RansonNotes.obj
         RansomNotes.vcxproj -> D:\SeevanCai\MyProject\C_prj\RansomNotes\RansomNotes\Debug\RansomNotes.exe
       FinalizeBuildStatus:
         Deleting file "Debug\RansomNotes.unsuccessfulbuild".
         Touching "Debug\RansomNotes.lastbuildstate".
     1>Done Building Project "D:\SeevanCai\MyProject\C_prj\RansomNotes\RansomNotes\RansomNotes\RansomNotes.vcxproj" (rebuild target(s)).

Build succeeded.

Time Elapsed 00:00:01.07
