生成启动时间为 2016/9/17 23:21:16。
     1>项目“F:\LeetCode\019  Remove Nth Node From End of List\RemoveNthNode\RemoveNthNode\RemoveNthNode.vcxproj”在节点 2 上(build 个目标)。
     1>InitializeBuildStatus:
         正在创建“Debug\RemoveNthNode.unsuccessfulbuild”，因为已指定“AlwaysCreate”。
       ClCompile:
         C:\Program Files (x86)\Microsoft Visual Studio 10.0\VC\bin\CL.exe /c /ZI /nologo /W3 /WX- /Od /Oy- /D WIN32 /D _DEBUG /D _CONSOLE /D _UNICODE /D UNICODE /Gm /EHsc /RTC1 /MDd /GS /fp:precise /Zc:wchar_t /Zc:forScope /Fo"Debug\\" /Fd"Debug\vc100.pdb" /Gd /TP /analyze- /errorReport:prompt RemoveNthNode.cpp
         RemoveNthNode.cpp
       ManifestResourceCompile:
         所有输出均为最新。
       Link:
         C:\Program Files (x86)\Microsoft Visual Studio 10.0\VC\bin\link.exe /ERRORREPORT:PROMPT /OUT:"F:\LeetCode\019  Remove Nth Node From End of List\RemoveNthNode\Debug\RemoveNthNode.exe" /INCREMENTAL /NOLOGO kernel32.lib user32.lib gdi32.lib winspool.lib comdlg32.lib advapi32.lib shell32.lib ole32.lib oleaut32.lib uuid.lib odbc32.lib odbccp32.lib /MANIFEST /ManifestFile:"Debug\RemoveNthNode.exe.intermediate.manifest" /MANIFESTUAC:"level='asInvoker' uiAccess='false'" /DEBUG /PDB:"F:\LeetCode\019  Remove Nth Node From End of List\RemoveNthNode\Debug\RemoveNthNode.pdb" /SUBSYSTEM:CONSOLE /TLBID:1 /DYNAMICBASE /NXCOMPAT /IMPLIB:"F:\LeetCode\019  Remove Nth Node From End of List\RemoveNthNode\Debug\RemoveNthNode.lib" /MACHINE:X86 Debug\RemoveNthNode.exe.embed.manifest.res
         Debug\RemoveNthNode.obj
       Manifest:
         C:\Program Files (x86)\Microsoft SDKs\Windows\v7.0A\bin\mt.exe /nologo /verbose /out:"Debug\RemoveNthNode.exe.embed.manifest" /manifest Debug\RemoveNthNode.exe.intermediate.manifest
         所有输出均为最新。
       LinkEmbedManifest:
         所有输出均为最新。
         RemoveNthNode.vcxproj -> F:\LeetCode\019  Remove Nth Node From End of List\RemoveNthNode\Debug\RemoveNthNode.exe
       FinalizeBuildStatus:
         正在删除文件“Debug\RemoveNthNode.unsuccessfulbuild”。
         正在对“Debug\RemoveNthNode.lastbuildstate”执行 Touch 任务。
     1>已完成生成项目“F:\LeetCode\019  Remove Nth Node From End of List\RemoveNthNode\RemoveNthNode\RemoveNthNode.vcxproj”(build 个目标)的操作。

生成成功。

已用时间 00:00:00.62
