Build started 8/14/2016 4:56:02 PM.
     1>Project "D:\SeevanCai\MyProject\C_prj\GetSum\GetSum\GetSum\GetSum.vcxproj" on node 2 (build target(s)).
     1>InitializeBuildStatus:
         Creating "Debug\GetSum.unsuccessfulbuild" because "AlwaysCreate" was specified.
       ClCompile:
         C:\Program Files (x86)\Microsoft Visual Studio 10.0\VC\bin\CL.exe /c /ZI /nologo /W3 /WX- /Od /Oy- /D WIN32 /D _DEBUG /D _CONSOLE /D _UNICODE /D UNICODE /Gm /EHsc /RTC1 /MDd /GS /fp:precise /Zc:wchar_t /Zc:forScope /Fo"Debug\\" /Fd"Debug\vc100.pdb" /Gd /TP /analyze- /errorReport:prompt GetSum.cpp
         GetSum.cpp
       ManifestResourceCompile:
         All outputs are up-to-date.
       Link:
         C:\Program Files (x86)\Microsoft Visual Studio 10.0\VC\bin\link.exe /ERRORREPORT:PROMPT /OUT:"D:\SeevanCai\MyProject\C_prj\GetSum\GetSum\Debug\GetSum.exe" /INCREMENTAL /NOLOGO kernel32.lib user32.lib gdi32.lib winspool.lib comdlg32.lib advapi32.lib shell32.lib ole32.lib oleaut32.lib uuid.lib odbc32.lib odbccp32.lib /MANIFEST /ManifestFile:"Debug\GetSum.exe.intermediate.manifest" /MANIFESTUAC:"level='asInvoker' uiAccess='false'" /DEBUG /PDB:"D:\SeevanCai\MyProject\C_prj\GetSum\GetSum\Debug\GetSum.pdb" /SUBSYSTEM:CONSOLE /TLBID:1 /DYNAMICBASE /NXCOMPAT /IMPLIB:"D:\SeevanCai\MyProject\C_prj\GetSum\GetSum\Debug\GetSum.lib" /MACHINE:X86 Debug\GetSum.exe.embed.manifest.res
         Debug\GetSum.obj
       Manifest:
         C:\Program Files (x86)\Microsoft SDKs\Windows\v7.0A\bin\mt.exe /nologo /verbose /out:"Debug\GetSum.exe.embed.manifest" /manifest Debug\GetSum.exe.intermediate.manifest
         All outputs are up-to-date.
       LinkEmbedManifest:
         All outputs are up-to-date.
         GetSum.vcxproj -> D:\SeevanCai\MyProject\C_prj\GetSum\GetSum\Debug\GetSum.exe
       FinalizeBuildStatus:
         Deleting file "Debug\GetSum.unsuccessfulbuild".
         Touching "Debug\GetSum.lastbuildstate".
     1>Done Building Project "D:\SeevanCai\MyProject\C_prj\GetSum\GetSum\GetSum\GetSum.vcxproj" (build target(s)).

Build succeeded.

Time Elapsed 00:00:00.61
