D:\SEEVANCAI\MYPROJECT\C_PRJ\GETSUM\GETSUM\DEBUG\GETSUM.EXE
D:\SEEVANCAI\MYPROJECT\C_PRJ\GETSUM\GETSUM\DEBUG\GETSUM.ILK
D:\SEEVANCAI\MYPROJECT\C_PRJ\GETSUM\GETSUM\DEBUG\GETSUM.PDB
D:\SeevanCai\MyProject\C_prj\GetSum\GetSum\GetSum\Debug\cl.command.1.tlog
D:\SeevanCai\MyProject\C_prj\GetSum\GetSum\GetSum\Debug\CL.read.1.tlog
D:\SeevanCai\MyProject\C_prj\GetSum\GetSum\GetSum\Debug\CL.write.1.tlog
D:\SEEVANCAI\MYPROJECT\C_PRJ\GETSUM\GETSUM\GETSUM\DEBUG\GETSUM.EXE.EMBED.MANIFEST
D:\SEEVANCAI\MYPROJECT\C_PRJ\GETSUM\GETSUM\GETSUM\DEBUG\GETSUM.EXE.EMBED.MANIFEST.RES
D:\SEEVANCAI\MYPROJECT\C_PRJ\GETSUM\GETSUM\GETSUM\DEBUG\GETSUM.EXE.INTERMEDIATE.MANIFEST
D:\SEEVANCAI\MYPROJECT\C_PRJ\GETSUM\GETSUM\GETSUM\DEBUG\GETSUM.OBJ
D:\SeevanCai\MyProject\C_prj\GetSum\GetSum\GetSum\Debug\GetSum.vcxprojResolveAssemblyReference.cache
D:\SeevanCai\MyProject\C_prj\GetSum\GetSum\GetSum\Debug\GetSum.write.1.tlog
D:\SeevanCai\MyProject\C_prj\GetSum\GetSum\GetSum\Debug\GetSum_manifest.rc
D:\SeevanCai\MyProject\C_prj\GetSum\GetSum\GetSum\Debug\link.9264.read.1.tlog
D:\SeevanCai\MyProject\C_prj\GetSum\GetSum\GetSum\Debug\link.9264.write.1.tlog
D:\SeevanCai\MyProject\C_prj\GetSum\GetSum\GetSum\Debug\link.9264-cvtres.read.1.tlog
D:\SeevanCai\MyProject\C_prj\GetSum\GetSum\GetSum\Debug\link.9264-cvtres.write.1.tlog
D:\SeevanCai\MyProject\C_prj\GetSum\GetSum\GetSum\Debug\link.command.1.tlog
D:\SeevanCai\MyProject\C_prj\GetSum\GetSum\GetSum\Debug\link.read.1.tlog
D:\SeevanCai\MyProject\C_prj\GetSum\GetSum\GetSum\Debug\link.write.1.tlog
D:\SeevanCai\MyProject\C_prj\GetSum\GetSum\GetSum\Debug\link-cvtres.read.1.tlog
D:\SeevanCai\MyProject\C_prj\GetSum\GetSum\GetSum\Debug\link-cvtres.write.1.tlog
D:\SeevanCai\MyProject\C_prj\GetSum\GetSum\GetSum\Debug\mt.command.1.tlog
D:\SeevanCai\MyProject\C_prj\GetSum\GetSum\GetSum\Debug\mt.read.1.tlog
D:\SeevanCai\MyProject\C_prj\GetSum\GetSum\GetSum\Debug\mt.write.1.tlog
D:\SeevanCai\MyProject\C_prj\GetSum\GetSum\GetSum\Debug\rc.command.1.tlog
D:\SeevanCai\MyProject\C_prj\GetSum\GetSum\GetSum\Debug\rc.read.1.tlog
D:\SeevanCai\MyProject\C_prj\GetSum\GetSum\GetSum\Debug\rc.write.1.tlog
D:\SeevanCai\MyProject\C_prj\GetSum\GetSum\GetSum\Debug\vc100.idb
D:\SEEVANCAI\MYPROJECT\C_PRJ\GETSUM\GETSUM\GETSUM\DEBUG\VC100.PDB
