Build started 8/28/2016 12:26:41 PM.
     1>Project "D:\SeevanCai\MyProject\C_prj\345ReverseVowels\reverseVowels\reverseVowels\reverseVowels.vcxproj" on node 2 (build target(s)).
     1>InitializeBuildStatus:
         Creating "Debug\reverseVowels.unsuccessfulbuild" because "AlwaysCreate" was specified.
       ClCompile:
         C:\Program Files (x86)\Microsoft Visual Studio 10.0\VC\bin\CL.exe /c /ZI /nologo /W3 /WX- /Od /Oy- /D WIN32 /D _DEBUG /D _CONSOLE /D _UNICODE /D UNICODE /Gm /EHsc /RTC1 /MDd /GS /fp:precise /Zc:wchar_t /Zc:forScope /Fo"Debug\\" /Fd"Debug\vc100.pdb" /Gd /TP /analyze- /errorReport:prompt reverseVowels.cpp
         reverseVowels.cpp
     1>d:\seevancai\myproject\c_prj\345reversevowels\reversevowels\reversevowels\reversevowels.cpp(16): warning C4018: '<' : signed/unsigned mismatch
     1>d:\seevancai\myproject\c_prj\345reversevowels\reversevowels\reversevowels\reversevowels.cpp(41): warning C4018: '<' : signed/unsigned mismatch
       ManifestResourceCompile:
         All outputs are up-to-date.
       Link:
         C:\Program Files (x86)\Microsoft Visual Studio 10.0\VC\bin\link.exe /ERRORREPORT:PROMPT /OUT:"D:\SeevanCai\MyProject\C_prj\345ReverseVowels\reverseVowels\Debug\reverseVowels.exe" /INCREMENTAL /NOLOGO kernel32.lib user32.lib gdi32.lib winspool.lib comdlg32.lib advapi32.lib shell32.lib ole32.lib oleaut32.lib uuid.lib odbc32.lib odbccp32.lib /MANIFEST /ManifestFile:"Debug\reverseVowels.exe.intermediate.manifest" /MANIFESTUAC:"level='asInvoker' uiAccess='false'" /DEBUG /PDB:"D:\SeevanCai\MyProject\C_prj\345ReverseVowels\reverseVowels\Debug\reverseVowels.pdb" /SUBSYSTEM:CONSOLE /TLBID:1 /DYNAMICBASE /NXCOMPAT /IMPLIB:"D:\SeevanCai\MyProject\C_prj\345ReverseVowels\reverseVowels\Debug\reverseVowels.lib" /MACHINE:X86 Debug\reverseVowels.exe.embed.manifest.res
         Debug\reverseVowels.obj
       Manifest:
         C:\Program Files (x86)\Microsoft SDKs\Windows\v7.0A\bin\mt.exe /nologo /verbose /out:"Debug\reverseVowels.exe.embed.manifest" /manifest Debug\reverseVowels.exe.intermediate.manifest
         All outputs are up-to-date.
       LinkEmbedManifest:
         All outputs are up-to-date.
         reverseVowels.vcxproj -> D:\SeevanCai\MyProject\C_prj\345ReverseVowels\reverseVowels\Debug\reverseVowels.exe
       FinalizeBuildStatus:
         Deleting file "Debug\reverseVowels.unsuccessfulbuild".
         Touching "Debug\reverseVowels.lastbuildstate".
     1>Done Building Project "D:\SeevanCai\MyProject\C_prj\345ReverseVowels\reverseVowels\reverseVowels\reverseVowels.vcxproj" (build target(s)).

Build succeeded.

Time Elapsed 00:00:00.56
