F:\LEETCODE\067  ADDBINARY\ADDBINARY\ADDBINARY\DEBUG\ADDBINARY.EXE.EMBED.MANIFEST
F:\LEETCODE\067  ADDBINARY\ADDBINARY\ADDBINARY\DEBUG\ADDBINARY.EXE.EMBED.MANIFEST.RES
F:\LEETCODE\067  ADDBINARY\ADDBINARY\ADDBINARY\DEBUG\ADDBINARY.EXE.INTERMEDIATE.MANIFEST
F:\LEETCODE\067  ADDBINARY\ADDBINARY\ADDBINARY\DEBUG\ADDBINARY.OBJ
F:\LeetCode\067  AddBinary\AddBinary\AddBinary\Debug\AddBinary.vcxprojResolveAssemblyReference.cache
F:\LeetCode\067  AddBinary\AddBinary\AddBinary\Debug\AddBinary.write.1.tlog
F:\LeetCode\067  AddBinary\AddBinary\AddBinary\Debug\AddBinary_manifest.rc
F:\LeetCode\067  AddBinary\AddBinary\AddBinary\Debug\cl.command.1.tlog
F:\LeetCode\067  AddBinary\AddBinary\AddBinary\Debug\CL.read.1.tlog
F:\LeetCode\067  AddBinary\AddBinary\AddBinary\Debug\CL.write.1.tlog
F:\LeetCode\067  AddBinary\AddBinary\AddBinary\Debug\link.6864.read.1.tlog
F:\LeetCode\067  AddBinary\AddBinary\AddBinary\Debug\link.6864.write.1.tlog
F:\LeetCode\067  AddBinary\AddBinary\AddBinary\Debug\link.6864-cvtres.read.1.tlog
F:\LeetCode\067  AddBinary\AddBinary\AddBinary\Debug\link.6864-cvtres.write.1.tlog
F:\LeetCode\067  AddBinary\AddBinary\AddBinary\Debug\link.command.1.tlog
F:\LeetCode\067  AddBinary\AddBinary\AddBinary\Debug\link.read.1.tlog
F:\LeetCode\067  AddBinary\AddBinary\AddBinary\Debug\link.write.1.tlog
F:\LeetCode\067  AddBinary\AddBinary\AddBinary\Debug\link-cvtres.read.1.tlog
F:\LeetCode\067  AddBinary\AddBinary\AddBinary\Debug\link-cvtres.write.1.tlog
F:\LeetCode\067  AddBinary\AddBinary\AddBinary\Debug\mt.command.1.tlog
F:\LeetCode\067  AddBinary\AddBinary\AddBinary\Debug\mt.read.1.tlog
F:\LeetCode\067  AddBinary\AddBinary\AddBinary\Debug\mt.write.1.tlog
F:\LeetCode\067  AddBinary\AddBinary\AddBinary\Debug\rc.command.1.tlog
F:\LeetCode\067  AddBinary\AddBinary\AddBinary\Debug\rc.read.1.tlog
F:\LeetCode\067  AddBinary\AddBinary\AddBinary\Debug\rc.write.1.tlog
F:\LeetCode\067  AddBinary\AddBinary\AddBinary\Debug\vc100.idb
F:\LEETCODE\067  ADDBINARY\ADDBINARY\ADDBINARY\DEBUG\VC100.PDB
F:\LEETCODE\067  ADDBINARY\ADDBINARY\DEBUG\ADDBINARY.EXE
F:\LEETCODE\067  ADDBINARY\ADDBINARY\DEBUG\ADDBINARY.ILK
F:\LEETCODE\067  ADDBINARY\ADDBINARY\DEBUG\ADDBINARY.PDB
