Build started 8/21/2016 10:25:59 AM.
     1>Project "D:\SeevanCai\MyProject\C_prj\Intersection\Intersection\Intersection\Intersection.vcxproj" on node 2 (build target(s)).
     1>InitializeBuildStatus:
         Creating "Debug\Intersection.unsuccessfulbuild" because "AlwaysCreate" was specified.
       ClCompile:
         C:\Program Files (x86)\Microsoft Visual Studio 10.0\VC\bin\CL.exe /c /ZI /nologo /W3 /WX- /Od /Oy- /D WIN32 /D _DEBUG /D _CONSOLE /D _UNICODE /D UNICODE /Gm /EHsc /RTC1 /MDd /GS /fp:precise /Zc:wchar_t /Zc:forScope /Fo"Debug\\" /Fd"Debug\vc100.pdb" /Gd /TP /analyze- /errorReport:prompt Intersection.cpp
         Intersection.cpp
     1>d:\seevancai\myproject\c_prj\intersection\intersection\intersection\intersection.cpp(29): warning C4018: '<' : signed/unsigned mismatch
     1>d:\seevancai\myproject\c_prj\intersection\intersection\intersection\intersection.cpp(31): warning C4018: '<' : signed/unsigned mismatch
     1>d:\seevancai\myproject\c_prj\intersection\intersection\intersection\intersection.cpp(80): warning C4018: '<' : signed/unsigned mismatch
       ManifestResourceCompile:
         All outputs are up-to-date.
       Link:
         C:\Program Files (x86)\Microsoft Visual Studio 10.0\VC\bin\link.exe /ERRORREPORT:PROMPT /OUT:"D:\SeevanCai\MyProject\C_prj\Intersection\Intersection\Debug\Intersection.exe" /INCREMENTAL /NOLOGO kernel32.lib user32.lib gdi32.lib winspool.lib comdlg32.lib advapi32.lib shell32.lib ole32.lib oleaut32.lib uuid.lib odbc32.lib odbccp32.lib /MANIFEST /ManifestFile:"Debug\Intersection.exe.intermediate.manifest" /MANIFESTUAC:"level='asInvoker' uiAccess='false'" /DEBUG /PDB:"D:\SeevanCai\MyProject\C_prj\Intersection\Intersection\Debug\Intersection.pdb" /SUBSYSTEM:CONSOLE /TLBID:1 /DYNAMICBASE /NXCOMPAT /IMPLIB:"D:\SeevanCai\MyProject\C_prj\Intersection\Intersection\Debug\Intersection.lib" /MACHINE:X86 Debug\Intersection.exe.embed.manifest.res
         Debug\Intersection.obj
       Manifest:
         C:\Program Files (x86)\Microsoft SDKs\Windows\v7.0A\bin\mt.exe /nologo /verbose /out:"Debug\Intersection.exe.embed.manifest" /manifest Debug\Intersection.exe.intermediate.manifest
         All outputs are up-to-date.
       LinkEmbedManifest:
         All outputs are up-to-date.
         Intersection.vcxproj -> D:\SeevanCai\MyProject\C_prj\Intersection\Intersection\Debug\Intersection.exe
       FinalizeBuildStatus:
         Deleting file "Debug\Intersection.unsuccessfulbuild".
         Touching "Debug\Intersection.lastbuildstate".
     1>Done Building Project "D:\SeevanCai\MyProject\C_prj\Intersection\Intersection\Intersection\Intersection.vcxproj" (build target(s)).

Build succeeded.

Time Elapsed 00:00:00.64
