D:\SEEVANCAI\MYPROJECT\C_PRJ\INTERSECTION\INTERSECTION\DEBUG\INTERSECTION.EXE
D:\SEEVANCAI\MYPROJECT\C_PRJ\INTERSECTION\INTERSECTION\DEBUG\INTERSECTION.ILK
D:\SEEVANCAI\MYPROJECT\C_PRJ\INTERSECTION\INTERSECTION\DEBUG\INTERSECTION.PDB
D:\SeevanCai\MyProject\C_prj\Intersection\Intersection\Intersection\Debug\cl.command.1.tlog
D:\SeevanCai\MyProject\C_prj\Intersection\Intersection\Intersection\Debug\CL.read.1.tlog
D:\SeevanCai\MyProject\C_prj\Intersection\Intersection\Intersection\Debug\CL.write.1.tlog
D:\SEEVANCAI\MYPROJECT\C_PRJ\INTERSECTION\INTERSECTION\INTERSECTION\DEBUG\INTERSECTION.EXE.EMBED.MANIFEST
D:\SEEVANCAI\MYPROJECT\C_PRJ\INTERSECTION\INTERSECTION\INTERSECTION\DEBUG\INTERSECTION.EXE.EMBED.MANIFEST.RES
D:\SEEVANCAI\MYPROJECT\C_PRJ\INTERSECTION\INTERSECTION\INTERSECTION\DEBUG\INTERSECTION.EXE.INTERMEDIATE.MANIFEST
D:\SEEVANCAI\MYPROJECT\C_PRJ\INTERSECTION\INTERSECTION\INTERSECTION\DEBUG\INTERSECTION.OBJ
D:\SeevanCai\MyProject\C_prj\Intersection\Intersection\Intersection\Debug\Intersection.vcxprojResolveAssemblyReference.cache
D:\SeevanCai\MyProject\C_prj\Intersection\Intersection\Intersection\Debug\Intersection.write.1.tlog
D:\SeevanCai\MyProject\C_prj\Intersection\Intersection\Intersection\Debug\Intersection_manifest.rc
D:\SeevanCai\MyProject\C_prj\Intersection\Intersection\Intersection\Debug\link.6592.read.1.tlog
D:\SeevanCai\MyProject\C_prj\Intersection\Intersection\Intersection\Debug\link.6592.write.1.tlog
D:\SeevanCai\MyProject\C_prj\Intersection\Intersection\Intersection\Debug\link.6592-cvtres.read.1.tlog
D:\SeevanCai\MyProject\C_prj\Intersection\Intersection\Intersection\Debug\link.6592-cvtres.write.1.tlog
D:\SeevanCai\MyProject\C_prj\Intersection\Intersection\Intersection\Debug\link.command.1.tlog
D:\SeevanCai\MyProject\C_prj\Intersection\Intersection\Intersection\Debug\link.read.1.tlog
D:\SeevanCai\MyProject\C_prj\Intersection\Intersection\Intersection\Debug\link.write.1.tlog
D:\SeevanCai\MyProject\C_prj\Intersection\Intersection\Intersection\Debug\link-cvtres.read.1.tlog
D:\SeevanCai\MyProject\C_prj\Intersection\Intersection\Intersection\Debug\link-cvtres.write.1.tlog
D:\SeevanCai\MyProject\C_prj\Intersection\Intersection\Intersection\Debug\mt.command.1.tlog
D:\SeevanCai\MyProject\C_prj\Intersection\Intersection\Intersection\Debug\mt.read.1.tlog
D:\SeevanCai\MyProject\C_prj\Intersection\Intersection\Intersection\Debug\mt.write.1.tlog
D:\SeevanCai\MyProject\C_prj\Intersection\Intersection\Intersection\Debug\rc.command.1.tlog
D:\SeevanCai\MyProject\C_prj\Intersection\Intersection\Intersection\Debug\rc.read.1.tlog
D:\SeevanCai\MyProject\C_prj\Intersection\Intersection\Intersection\Debug\rc.write.1.tlog
D:\SeevanCai\MyProject\C_prj\Intersection\Intersection\Intersection\Debug\vc100.idb
D:\SEEVANCAI\MYPROJECT\C_PRJ\INTERSECTION\INTERSECTION\INTERSECTION\DEBUG\VC100.PDB
