F:\LeetCode\026  Remove Duplicates from Sorted Array\RemoveDuplicatesFromSortedArray\Debug\RemoveDuplicatesFromSortedArray.exe
F:\LeetCode\026  Remove Duplicates from Sorted Array\RemoveDuplicatesFromSortedArray\Debug\RemoveDuplicatesFromSortedArray.pdb
F:\LeetCode\026  Remove Duplicates from Sorted Array\RemoveDuplicatesFromSortedArray\RemoveDuplicatesFromSortedArray\Debug\cl.command.1.tlog
F:\LeetCode\026  Remove Duplicates from Sorted Array\RemoveDuplicatesFromSortedArray\RemoveDuplicatesFromSortedArray\Debug\CL.read.1.tlog
F:\LeetCode\026  Remove Duplicates from Sorted Array\RemoveDuplicatesFromSortedArray\RemoveDuplicatesFromSortedArray\Debug\CL.write.1.tlog
F:\LeetCode\026  Remove Duplicates from Sorted Array\RemoveDuplicatesFromSortedArray\RemoveDuplicatesFromSortedArray\Debug\link.2564.read.1.tlog
F:\LeetCode\026  Remove Duplicates from Sorted Array\RemoveDuplicatesFromSortedArray\RemoveDuplicatesFromSortedArray\Debug\link.2564.write.1.tlog
F:\LeetCode\026  Remove Duplicates from Sorted Array\RemoveDuplicatesFromSortedArray\RemoveDuplicatesFromSortedArray\Debug\link.2564-cvtres.read.1.tlog
F:\LeetCode\026  Remove Duplicates from Sorted Array\RemoveDuplicatesFromSortedArray\RemoveDuplicatesFromSortedArray\Debug\link.2564-cvtres.write.1.tlog
F:\LeetCode\026  Remove Duplicates from Sorted Array\RemoveDuplicatesFromSortedArray\RemoveDuplicatesFromSortedArray\Debug\link.4268.read.1.tlog
F:\LeetCode\026  Remove Duplicates from Sorted Array\RemoveDuplicatesFromSortedArray\RemoveDuplicatesFromSortedArray\Debug\link.4268.write.1.tlog
F:\LeetCode\026  Remove Duplicates from Sorted Array\RemoveDuplicatesFromSortedArray\RemoveDuplicatesFromSortedArray\Debug\link.4268-cvtres.read.1.tlog
F:\LeetCode\026  Remove Duplicates from Sorted Array\RemoveDuplicatesFromSortedArray\RemoveDuplicatesFromSortedArray\Debug\link.4268-cvtres.write.1.tlog
F:\LeetCode\026  Remove Duplicates from Sorted Array\RemoveDuplicatesFromSortedArray\RemoveDuplicatesFromSortedArray\Debug\link.9124.read.1.tlog
F:\LeetCode\026  Remove Duplicates from Sorted Array\RemoveDuplicatesFromSortedArray\RemoveDuplicatesFromSortedArray\Debug\link.9124.write.1.tlog
F:\LeetCode\026  Remove Duplicates from Sorted Array\RemoveDuplicatesFromSortedArray\RemoveDuplicatesFromSortedArray\Debug\link.command.1.tlog
F:\LeetCode\026  Remove Duplicates from Sorted Array\RemoveDuplicatesFromSortedArray\RemoveDuplicatesFromSortedArray\Debug\link.read.1.tlog
F:\LeetCode\026  Remove Duplicates from Sorted Array\RemoveDuplicatesFromSortedArray\RemoveDuplicatesFromSortedArray\Debug\link.write.1.tlog
F:\LeetCode\026  Remove Duplicates from Sorted Array\RemoveDuplicatesFromSortedArray\RemoveDuplicatesFromSortedArray\Debug\link-cvtres.read.1.tlog
F:\LeetCode\026  Remove Duplicates from Sorted Array\RemoveDuplicatesFromSortedArray\RemoveDuplicatesFromSortedArray\Debug\link-cvtres.write.1.tlog
F:\LeetCode\026  Remove Duplicates from Sorted Array\RemoveDuplicatesFromSortedArray\RemoveDuplicatesFromSortedArray\Debug\mt.command.1.tlog
F:\LeetCode\026  Remove Duplicates from Sorted Array\RemoveDuplicatesFromSortedArray\RemoveDuplicatesFromSortedArray\Debug\mt.read.1.tlog
F:\LeetCode\026  Remove Duplicates from Sorted Array\RemoveDuplicatesFromSortedArray\RemoveDuplicatesFromSortedArray\Debug\mt.write.1.tlog
F:\LeetCode\026  Remove Duplicates from Sorted Array\RemoveDuplicatesFromSortedArray\RemoveDuplicatesFromSortedArray\Debug\rc.command.1.tlog
F:\LeetCode\026  Remove Duplicates from Sorted Array\RemoveDuplicatesFromSortedArray\RemoveDuplicatesFromSortedArray\Debug\rc.read.1.tlog
F:\LeetCode\026  Remove Duplicates from Sorted Array\RemoveDuplicatesFromSortedArray\RemoveDuplicatesFromSortedArray\Debug\rc.write.1.tlog
F:\LEETCODE\026  REMOVE DUPLICATES FROM SORTED ARRAY\REMOVEDUPLICATESFROMSORTEDARRAY\REMOVEDUPLICATESFROMSORTEDARRAY\DEBUG\REMOVEDUPLICATESFROMSORTEDARRAY.EXE.EMBED.MANIFEST
F:\LEETCODE\026  REMOVE DUPLICATES FROM SORTED ARRAY\REMOVEDUPLICATESFROMSORTEDARRAY\REMOVEDUPLICATESFROMSORTEDARRAY\DEBUG\REMOVEDUPLICATESFROMSORTEDARRAY.EXE.EMBED.MANIFEST.RES
F:\LeetCode\026  Remove Duplicates from Sorted Array\RemoveDuplicatesFromSortedArray\RemoveDuplicatesFromSortedArray\Debug\RemoveDuplicatesFromSortedArray.exe.intermediate.manifest
F:\LEETCODE\026  REMOVE DUPLICATES FROM SORTED ARRAY\REMOVEDUPLICATESFROMSORTEDARRAY\REMOVEDUPLICATESFROMSORTEDARRAY\DEBUG\REMOVEDUPLICATESFROMSORTEDARRAY.OBJ
F:\LeetCode\026  Remove Duplicates from Sorted Array\RemoveDuplicatesFromSortedArray\RemoveDuplicatesFromSortedArray\Debug\RemoveDuplicatesFromSortedArray.vcxprojResolveAssemblyReference.cache
F:\LeetCode\026  Remove Duplicates from Sorted Array\RemoveDuplicatesFromSortedArray\RemoveDuplicatesFromSortedArray\Debug\RemoveDuplicatesFromSortedArray.write.1.tlog
F:\LeetCode\026  Remove Duplicates from Sorted Array\RemoveDuplicatesFromSortedArray\RemoveDuplicatesFromSortedArray\Debug\RemoveDuplicatesFromSortedArray_manifest.rc
F:\LeetCode\026  Remove Duplicates from Sorted Array\RemoveDuplicatesFromSortedArray\RemoveDuplicatesFromSortedArray\Debug\vc100.idb
F:\LEETCODE\026  REMOVE DUPLICATES FROM SORTED ARRAY\REMOVEDUPLICATESFROMSORTEDARRAY\REMOVEDUPLICATESFROMSORTEDARRAY\DEBUG\VC100.PDB
