D:\SEEVANCAI\MYPROJECT\C_PRJ\INTERSECTION II\INTERSECTION II\DEBUG\INTERSECTION II.EXE
D:\SEEVANCAI\MYPROJECT\C_PRJ\INTERSECTION II\INTERSECTION II\DEBUG\INTERSECTION II.ILK
D:\SEEVANCAI\MYPROJECT\C_PRJ\INTERSECTION II\INTERSECTION II\DEBUG\INTERSECTION II.PDB
D:\SeevanCai\MyProject\C_prj\Intersection II\Intersection II\Intersection II\Debug\cl.command.1.tlog
D:\SeevanCai\MyProject\C_prj\Intersection II\Intersection II\Intersection II\Debug\CL.read.1.tlog
D:\SeevanCai\MyProject\C_prj\Intersection II\Intersection II\Intersection II\Debug\CL.write.1.tlog
D:\SEEVANCAI\MYPROJECT\C_PRJ\INTERSECTION II\INTERSECTION II\INTERSECTION II\DEBUG\INTERSECTION II.EXE.EMBED.MANIFEST
D:\SEEVANCAI\MYPROJECT\C_PRJ\INTERSECTION II\INTERSECTION II\INTERSECTION II\DEBUG\INTERSECTION II.EXE.EMBED.MANIFEST.RES
D:\SEEVANCAI\MYPROJECT\C_PRJ\INTERSECTION II\INTERSECTION II\INTERSECTION II\DEBUG\INTERSECTION II.EXE.INTERMEDIATE.MANIFEST
D:\SEEVANCAI\MYPROJECT\C_PRJ\INTERSECTION II\INTERSECTION II\INTERSECTION II\DEBUG\INTERSECTION II.OBJ
D:\SeevanCai\MyProject\C_prj\Intersection II\Intersection II\Intersection II\Debug\Intersection II.vcxprojResolveAssemblyReference.cache
D:\SeevanCai\MyProject\C_prj\Intersection II\Intersection II\Intersection II\Debug\Intersection II.write.1.tlog
D:\SeevanCai\MyProject\C_prj\Intersection II\Intersection II\Intersection II\Debug\Intersection II_manifest.rc
D:\SeevanCai\MyProject\C_prj\Intersection II\Intersection II\Intersection II\Debug\link.11240.read.1.tlog
D:\SeevanCai\MyProject\C_prj\Intersection II\Intersection II\Intersection II\Debug\link.11240.write.1.tlog
D:\SeevanCai\MyProject\C_prj\Intersection II\Intersection II\Intersection II\Debug\link.11240-cvtres.read.1.tlog
D:\SeevanCai\MyProject\C_prj\Intersection II\Intersection II\Intersection II\Debug\link.11240-cvtres.write.1.tlog
D:\SeevanCai\MyProject\C_prj\Intersection II\Intersection II\Intersection II\Debug\link.3544.read.1.tlog
D:\SeevanCai\MyProject\C_prj\Intersection II\Intersection II\Intersection II\Debug\link.3544.write.1.tlog
D:\SeevanCai\MyProject\C_prj\Intersection II\Intersection II\Intersection II\Debug\link.3544-cvtres.read.1.tlog
D:\SeevanCai\MyProject\C_prj\Intersection II\Intersection II\Intersection II\Debug\link.3544-cvtres.write.1.tlog
D:\SeevanCai\MyProject\C_prj\Intersection II\Intersection II\Intersection II\Debug\link.command.1.tlog
D:\SeevanCai\MyProject\C_prj\Intersection II\Intersection II\Intersection II\Debug\link.read.1.tlog
D:\SeevanCai\MyProject\C_prj\Intersection II\Intersection II\Intersection II\Debug\link.write.1.tlog
D:\SeevanCai\MyProject\C_prj\Intersection II\Intersection II\Intersection II\Debug\link-cvtres.read.1.tlog
D:\SeevanCai\MyProject\C_prj\Intersection II\Intersection II\Intersection II\Debug\link-cvtres.write.1.tlog
D:\SeevanCai\MyProject\C_prj\Intersection II\Intersection II\Intersection II\Debug\mt.command.1.tlog
D:\SeevanCai\MyProject\C_prj\Intersection II\Intersection II\Intersection II\Debug\mt.read.1.tlog
D:\SeevanCai\MyProject\C_prj\Intersection II\Intersection II\Intersection II\Debug\mt.write.1.tlog
D:\SeevanCai\MyProject\C_prj\Intersection II\Intersection II\Intersection II\Debug\rc.command.1.tlog
D:\SeevanCai\MyProject\C_prj\Intersection II\Intersection II\Intersection II\Debug\rc.read.1.tlog
D:\SeevanCai\MyProject\C_prj\Intersection II\Intersection II\Intersection II\Debug\rc.write.1.tlog
D:\SeevanCai\MyProject\C_prj\Intersection II\Intersection II\Intersection II\Debug\vc100.idb
D:\SEEVANCAI\MYPROJECT\C_PRJ\INTERSECTION II\INTERSECTION II\INTERSECTION II\DEBUG\VC100.PDB
