Build started 8/27/2016 4:46:13 PM.
     1>Project "D:\SeevanCai\MyProject\C_prj\Intersection II\Intersection II\Intersection II\Intersection II.vcxproj" on node 2 (build target(s)).
     1>InitializeBuildStatus:
         Creating "Debug\Intersection II.unsuccessfulbuild" because "AlwaysCreate" was specified.
       ClCompile:
         C:\Program Files (x86)\Microsoft Visual Studio 10.0\VC\bin\CL.exe /c /ZI /nologo /W3 /WX- /Od /Oy- /D WIN32 /D _DEBUG /D _CONSOLE /D _UNICODE /D UNICODE /Gm /EHsc /RTC1 /MDd /GS /fp:precise /Zc:wchar_t /Zc:forScope /Fo"Debug\\" /Fd"Debug\vc100.pdb" /Gd /TP /analyze- /errorReport:prompt "Intersection II.cpp"
         Intersection II.cpp
     1>d:\seevancai\myproject\c_prj\intersection ii\intersection ii\intersection ii\intersection ii.cpp(26): warning C4018: '<' : signed/unsigned mismatch
     1>d:\seevancai\myproject\c_prj\intersection ii\intersection ii\intersection ii\intersection ii.cpp(29): warning C4018: '<' : signed/unsigned mismatch
     1>d:\seevancai\myproject\c_prj\intersection ii\intersection ii\intersection ii\intersection ii.cpp(44): warning C4018: '<' : signed/unsigned mismatch
     1>d:\seevancai\myproject\c_prj\intersection ii\intersection ii\intersection ii\intersection ii.cpp(53): warning C4018: '<' : signed/unsigned mismatch
     1>d:\seevancai\myproject\c_prj\intersection ii\intersection ii\intersection ii\intersection ii.cpp(75): warning C4018: '<' : signed/unsigned mismatch
     1>d:\seevancai\myproject\c_prj\intersection ii\intersection ii\intersection ii\intersection ii.cpp(77): warning C4018: '<' : signed/unsigned mismatch
     1>d:\seevancai\myproject\c_prj\intersection ii\intersection ii\intersection ii\intersection ii.cpp(80): warning C4018: '<' : signed/unsigned mismatch
       ManifestResourceCompile:
         All outputs are up-to-date.
       Link:
         C:\Program Files (x86)\Microsoft Visual Studio 10.0\VC\bin\link.exe /ERRORREPORT:PROMPT /OUT:"D:\SeevanCai\MyProject\C_prj\Intersection II\Intersection II\Debug\Intersection II.exe" /INCREMENTAL /NOLOGO kernel32.lib user32.lib gdi32.lib winspool.lib comdlg32.lib advapi32.lib shell32.lib ole32.lib oleaut32.lib uuid.lib odbc32.lib odbccp32.lib /MANIFEST /ManifestFile:"Debug\Intersection II.exe.intermediate.manifest" /MANIFESTUAC:"level='asInvoker' uiAccess='false'" /DEBUG /PDB:"D:\SeevanCai\MyProject\C_prj\Intersection II\Intersection II\Debug\Intersection II.pdb" /SUBSYSTEM:CONSOLE /TLBID:1 /DYNAMICBASE /NXCOMPAT /IMPLIB:"D:\SeevanCai\MyProject\C_prj\Intersection II\Intersection II\Debug\Intersection II.lib" /MACHINE:X86 "Debug\Intersection II.exe.embed.manifest.res"
         "Debug\Intersection II.obj"
       Manifest:
         C:\Program Files (x86)\Microsoft SDKs\Windows\v7.0A\bin\mt.exe /nologo /verbose /out:"Debug\Intersection II.exe.embed.manifest" /manifest "Debug\Intersection II.exe.intermediate.manifest"
         All outputs are up-to-date.
       LinkEmbedManifest:
         All outputs are up-to-date.
         Intersection II.vcxproj -> D:\SeevanCai\MyProject\C_prj\Intersection II\Intersection II\Debug\Intersection II.exe
       FinalizeBuildStatus:
         Deleting file "Debug\Intersection II.unsuccessfulbuild".
         Touching "Debug\Intersection II.lastbuildstate".
     1>Done Building Project "D:\SeevanCai\MyProject\C_prj\Intersection II\Intersection II\Intersection II\Intersection II.vcxproj" (build target(s)).

Build succeeded.

Time Elapsed 00:00:00.65
