生成启动时间为 2016/10/17 23:07:56。
     1>项目“F:\LeetCode\058  LengthOfLastWord\LastWordLength\LastWordLength\LastWordLength.vcxproj”在节点 2 上(build 个目标)。
     1>InitializeBuildStatus:
         正在创建“Debug\LastWordLength.unsuccessfulbuild”，因为已指定“AlwaysCreate”。
       ClCompile:
         C:\Program Files (x86)\Microsoft Visual Studio 10.0\VC\bin\CL.exe /c /ZI /nologo /W3 /WX- /Od /Oy- /D WIN32 /D _DEBUG /D _CONSOLE /D _UNICODE /D UNICODE /Gm /EHsc /RTC1 /MDd /GS /fp:precise /Zc:wchar_t /Zc:forScope /Fo"Debug\\" /Fd"Debug\vc100.pdb" /Gd /TP /analyze- /errorReport:prompt LastWordLength.cpp
         LastWordLength.cpp
     1>f:\leetcode\058  lengthoflastword\lastwordlength\lastwordlength\lastwordlength.cpp(19): warning C4018: “<”: 有符号/无符号不匹配
     1>f:\leetcode\058  lengthoflastword\lastwordlength\lastwordlength\lastwordlength.cpp(21): warning C4018: “<”: 有符号/无符号不匹配
       ManifestResourceCompile:
         所有输出均为最新。
       Link:
         C:\Program Files (x86)\Microsoft Visual Studio 10.0\VC\bin\link.exe /ERRORREPORT:PROMPT /OUT:"F:\LeetCode\058  LengthOfLastWord\LastWordLength\Debug\LastWordLength.exe" /INCREMENTAL /NOLOGO kernel32.lib user32.lib gdi32.lib winspool.lib comdlg32.lib advapi32.lib shell32.lib ole32.lib oleaut32.lib uuid.lib odbc32.lib odbccp32.lib /MANIFEST /ManifestFile:"Debug\LastWordLength.exe.intermediate.manifest" /MANIFESTUAC:"level='asInvoker' uiAccess='false'" /DEBUG /PDB:"F:\LeetCode\058  LengthOfLastWord\LastWordLength\Debug\LastWordLength.pdb" /SUBSYSTEM:CONSOLE /TLBID:1 /DYNAMICBASE /NXCOMPAT /IMPLIB:"F:\LeetCode\058  LengthOfLastWord\LastWordLength\Debug\LastWordLength.lib" /MACHINE:X86 Debug\LastWordLength.exe.embed.manifest.res
         Debug\LastWordLength.obj
       Manifest:
         C:\Program Files (x86)\Microsoft SDKs\Windows\v7.0A\bin\mt.exe /nologo /verbose /out:"Debug\LastWordLength.exe.embed.manifest" /manifest Debug\LastWordLength.exe.intermediate.manifest
         所有输出均为最新。
       LinkEmbedManifest:
         所有输出均为最新。
         LastWordLength.vcxproj -> F:\LeetCode\058  LengthOfLastWord\LastWordLength\Debug\LastWordLength.exe
       FinalizeBuildStatus:
         正在删除文件“Debug\LastWordLength.unsuccessfulbuild”。
         正在对“Debug\LastWordLength.lastbuildstate”执行 Touch 任务。
     1>已完成生成项目“F:\LeetCode\058  LengthOfLastWord\LastWordLength\LastWordLength\LastWordLength.vcxproj”(build 个目标)的操作。

生成成功。

已用时间 00:00:00.50
